<?xml version="1.0" encoding="UTF-8"?>
<testsuite xmlns:xsi="http://www.w3.org/2001/XMLSchema-instance" xsi:noNamespaceSchemaLocation="https://maven.apache.org/surefire/maven-surefire-plugin/xsd/surefire-test-report.xsd" name="com.myweb.authmagic.AuthMagicApplicationTests" time="0.943" tests="1" errors="0" skipped="0" failures="0">
  <properties>
    <property name="java.specification.version" value="23"/>
    <property name="sun.jnu.encoding" value="UTF-8"/>
    <property name="java.class.path" value="/Users/dilipkumar.irala/Documents/java_code/spring-auth/target/test-classes:/Users/dilipkumar.irala/Documents/java_code/spring-auth/target/classes:/Users/dilipkumar.irala/.m2/repository/org/springframework/boot/spring-boot-starter-thymeleaf/2.7.2/spring-boot-starter-thymeleaf-2.7.2.jar:/Users/dilipkumar.irala/.m2/repository/org/springframework/boot/spring-boot-starter/2.7.2/spring-boot-starter-2.7.2.jar:/Users/dilipkumar.irala/.m2/repository/org/springframework/boot/spring-boot-starter-logging/2.7.2/spring-boot-starter-logging-2.7.2.jar:/Users/dilipkumar.irala/.m2/repository/ch/qos/logback/logback-classic/1.2.11/logback-classic-1.2.11.jar:/Users/dilipkumar.irala/.m2/repository/ch/qos/logback/logback-core/1.2.11/logback-core-1.2.11.jar:/Users/dilipkumar.irala/.m2/repository/org/apache/logging/log4j/log4j-to-slf4j/2.17.2/log4j-to-slf4j-2.17.2.jar:/Users/dilipkumar.irala/.m2/repository/org/apache/logging/log4j/log4j-api/2.17.2/log4j-api-2.17.2.jar:/Users/dilipkumar.irala/.m2/repository/org/slf4j/jul-to-slf4j/1.7.36/jul-to-slf4j-1.7.36.jar:/Users/dilipkumar.irala/.m2/repository/jakarta/annotation/jakarta.annotation-api/1.3.5/jakarta.annotation-api-1.3.5.jar:/Users/dilipkumar.irala/.m2/repository/org/yaml/snakeyaml/1.30/snakeyaml-1.30.jar:/Users/dilipkumar.irala/.m2/repository/org/thymeleaf/thymeleaf-spring5/3.0.15.RELEASE/thymeleaf-spring5-3.0.15.RELEASE.jar:/Users/dilipkumar.irala/.m2/repository/org/thymeleaf/thymeleaf/3.0.15.RELEASE/thymeleaf-3.0.15.RELEASE.jar:/Users/dilipkumar.irala/.m2/repository/org/attoparser/attoparser/2.0.5.RELEASE/attoparser-2.0.5.RELEASE.jar:/Users/dilipkumar.irala/.m2/repository/org/unbescape/unbescape/1.1.6.RELEASE/unbescape-1.1.6.RELEASE.jar:/Users/dilipkumar.irala/.m2/repository/org/slf4j/slf4j-api/1.7.36/slf4j-api-1.7.36.jar:/Users/dilipkumar.irala/.m2/repository/org/thymeleaf/extras/thymeleaf-extras-java8time/3.0.4.RELEASE/thymeleaf-extras-java8time-3.0.4.RELEASE.jar:/Users/dilipkumar.irala/.m2/repository/org/json/json/20220320/json-20220320.jar:/Users/dilipkumar.irala/.m2/repository/org/springframework/boot/spring-boot-starter-web/2.7.2/spring-boot-starter-web-2.7.2.jar:/Users/dilipkumar.irala/.m2/repository/org/springframework/boot/spring-boot-starter-json/2.7.2/spring-boot-starter-json-2.7.2.jar:/Users/dilipkumar.irala/.m2/repository/com/fasterxml/jackson/core/jackson-databind/2.13.3/jackson-databind-2.13.3.jar:/Users/dilipkumar.irala/.m2/repository/com/fasterxml/jackson/core/jackson-annotations/2.13.3/jackson-annotations-2.13.3.jar:/Users/dilipkumar.irala/.m2/repository/com/fasterxml/jackson/core/jackson-core/2.13.3/jackson-core-2.13.3.jar:/Users/dilipkumar.irala/.m2/repository/com/fasterxml/jackson/datatype/jackson-datatype-jdk8/2.13.3/jackson-datatype-jdk8-2.13.3.jar:/Users/dilipkumar.irala/.m2/repository/com/fasterxml/jackson/datatype/jackson-datatype-jsr310/2.13.3/jackson-datatype-jsr310-2.13.3.jar:/Users/dilipkumar.irala/.m2/repository/com/fasterxml/jackson/module/jackson-module-parameter-names/2.13.3/jackson-module-parameter-names-2.13.3.jar:/Users/dilipkumar.irala/.m2/repository/org/springframework/boot/spring-boot-starter-tomcat/2.7.2/spring-boot-starter-tomcat-2.7.2.jar:/Users/dilipkumar.irala/.m2/repository/org/apache/tomcat/embed/tomcat-embed-core/9.0.65/tomcat-embed-core-9.0.65.jar:/Users/dilipkumar.irala/.m2/repository/org/apache/tomcat/embed/tomcat-embed-el/9.0.65/tomcat-embed-el-9.0.65.jar:/Users/dilipkumar.irala/.m2/repository/org/apache/tomcat/embed/tomcat-embed-websocket/9.0.65/tomcat-embed-websocket-9.0.65.jar:/Users/dilipkumar.irala/.m2/repository/org/springframework/spring-web/5.3.22/spring-web-5.3.22.jar:/Users/dilipkumar.irala/.m2/repository/org/springframework/spring-beans/5.3.22/spring-beans-5.3.22.jar:/Users/dilipkumar.irala/.m2/repository/org/springframework/spring-webmvc/5.3.22/spring-webmvc-5.3.22.jar:/Users/dilipkumar.irala/.m2/repository/org/springframework/spring-context/5.3.22/spring-context-5.3.22.jar:/Users/dilipkumar.irala/.m2/repository/org/springframework/spring-expression/5.3.22/spring-expression-5.3.22.jar:/Users/dilipkumar.irala/.m2/repository/com/mysql/mysql-connector-j/9.2.0/mysql-connector-j-9.2.0.jar:/Users/dilipkumar.irala/.m2/repository/com/google/protobuf/protobuf-java/4.29.0/protobuf-java-4.29.0.jar:/Users/dilipkumar.irala/.m2/repository/org/springframework/boot/spring-boot-starter-security/2.7.2/spring-boot-starter-security-2.7.2.jar:/Users/dilipkumar.irala/.m2/repository/org/springframework/spring-aop/5.3.22/spring-aop-5.3.22.jar:/Users/dilipkumar.irala/.m2/repository/org/springframework/security/spring-security-config/5.7.2/spring-security-config-5.7.2.jar:/Users/dilipkumar.irala/.m2/repository/org/springframework/security/spring-security-core/5.7.2/spring-security-core-5.7.2.jar:/Users/dilipkumar.irala/.m2/repository/org/springframework/security/spring-security-crypto/5.7.2/spring-security-crypto-5.7.2.jar:/Users/dilipkumar.irala/.m2/repository/org/springframework/security/spring-security-web/5.7.2/spring-security-web-5.7.2.jar:/Users/dilipkumar.irala/.m2/repository/org/springframework/boot/spring-boot-devtools/2.7.2/spring-boot-devtools-2.7.2.jar:/Users/dilipkumar.irala/.m2/repository/org/springframework/boot/spring-boot/2.7.2/spring-boot-2.7.2.jar:/Users/dilipkumar.irala/.m2/repository/org/springframework/boot/spring-boot-autoconfigure/2.7.2/spring-boot-autoconfigure-2.7.2.jar:/Users/dilipkumar.irala/.m2/repository/org/springframework/boot/spring-boot-starter-test/2.7.2/spring-boot-starter-test-2.7.2.jar:/Users/dilipkumar.irala/.m2/repository/org/springframework/boot/spring-boot-test/2.7.2/spring-boot-test-2.7.2.jar:/Users/dilipkumar.irala/.m2/repository/org/springframework/boot/spring-boot-test-autoconfigure/2.7.2/spring-boot-test-autoconfigure-2.7.2.jar:/Users/dilipkumar.irala/.m2/repository/com/jayway/jsonpath/json-path/2.7.0/json-path-2.7.0.jar:/Users/dilipkumar.irala/.m2/repository/net/minidev/json-smart/2.4.8/json-smart-2.4.8.jar:/Users/dilipkumar.irala/.m2/repository/net/minidev/accessors-smart/2.4.8/accessors-smart-2.4.8.jar:/Users/dilipkumar.irala/.m2/repository/org/ow2/asm/asm/9.1/asm-9.1.jar:/Users/dilipkumar.irala/.m2/repository/jakarta/xml/bind/jakarta.xml.bind-api/2.3.3/jakarta.xml.bind-api-2.3.3.jar:/Users/dilipkumar.irala/.m2/repository/jakarta/activation/jakarta.activation-api/1.2.2/jakarta.activation-api-1.2.2.jar:/Users/dilipkumar.irala/.m2/repository/org/assertj/assertj-core/3.22.0/assertj-core-3.22.0.jar:/Users/dilipkumar.irala/.m2/repository/org/hamcrest/hamcrest/2.2/hamcrest-2.2.jar:/Users/dilipkumar.irala/.m2/repository/org/junit/jupiter/junit-jupiter/5.8.2/junit-jupiter-5.8.2.jar:/Users/dilipkumar.irala/.m2/repository/org/junit/jupiter/junit-jupiter-api/5.8.2/junit-jupiter-api-5.8.2.jar:/Users/dilipkumar.irala/.m2/repository/org/opentest4j/opentest4j/1.2.0/opentest4j-1.2.0.jar:/Users/dilipkumar.irala/.m2/repository/org/junit/platform/junit-platform-commons/1.8.2/junit-platform-commons-1.8.2.jar:/Users/dilipkumar.irala/.m2/repository/org/apiguardian/apiguardian-api/1.1.2/apiguardian-api-1.1.2.jar:/Users/dilipkumar.irala/.m2/repository/org/junit/jupiter/junit-jupiter-params/5.8.2/junit-jupiter-params-5.8.2.jar:/Users/dilipkumar.irala/.m2/repository/org/junit/jupiter/junit-jupiter-engine/5.8.2/junit-jupiter-engine-5.8.2.jar:/Users/dilipkumar.irala/.m2/repository/org/junit/platform/junit-platform-engine/1.8.2/junit-platform-engine-1.8.2.jar:/Users/dilipkumar.irala/.m2/repository/org/mockito/mockito-core/4.5.1/mockito-core-4.5.1.jar:/Users/dilipkumar.irala/.m2/repository/net/bytebuddy/byte-buddy/1.12.12/byte-buddy-1.12.12.jar:/Users/dilipkumar.irala/.m2/repository/net/bytebuddy/byte-buddy-agent/1.12.12/byte-buddy-agent-1.12.12.jar:/Users/dilipkumar.irala/.m2/repository/org/objenesis/objenesis/3.2/objenesis-3.2.jar:/Users/dilipkumar.irala/.m2/repository/org/mockito/mockito-junit-jupiter/4.5.1/mockito-junit-jupiter-4.5.1.jar:/Users/dilipkumar.irala/.m2/repository/org/skyscreamer/jsonassert/1.5.1/jsonassert-1.5.1.jar:/Users/dilipkumar.irala/.m2/repository/com/vaadin/external/google/android-json/0.0.20131108.vaadin1/android-json-0.0.20131108.vaadin1.jar:/Users/dilipkumar.irala/.m2/repository/org/springframework/spring-core/5.3.22/spring-core-5.3.22.jar:/Users/dilipkumar.irala/.m2/repository/org/springframework/spring-jcl/5.3.22/spring-jcl-5.3.22.jar:/Users/dilipkumar.irala/.m2/repository/org/springframework/spring-test/5.3.22/spring-test-5.3.22.jar:/Users/dilipkumar.irala/.m2/repository/org/xmlunit/xmlunit-core/2.9.0/xmlunit-core-2.9.0.jar:/Users/dilipkumar.irala/.m2/repository/jakarta/servlet/jakarta.servlet-api/6.0.0/jakarta.servlet-api-6.0.0.jar:"/>
    <property name="java.vm.vendor" value="Homebrew"/>
    <property name="sun.arch.data.model" value="64"/>
    <property name="java.vendor.url" value="https://github.com/Homebrew/homebrew-core/issues"/>
    <property name="os.name" value="Mac OS X"/>
    <property name="java.vm.specification.version" value="23"/>
    <property name="sun.java.launcher" value="SUN_STANDARD"/>
    <property name="user.country" value="IN"/>
    <property name="sun.boot.library.path" value="/opt/homebrew/Cellar/openjdk/23.0.2/libexec/openjdk.jdk/Contents/Home/lib"/>
    <property name="sun.java.command" value="/Users/dilipkumar.irala/Documents/java_code/spring-auth/target/surefire/surefirebooter12789697818242549664.jar /Users/dilipkumar.irala/Documents/java_code/spring-auth/target/surefire 2025-03-15T22-36-05_416-jvmRun1 surefire5239697048670734017tmp surefire_05617414147697605437tmp"/>
    <property name="jdk.debug" value="release"/>
    <property name="surefire.test.class.path" value="/Users/dilipkumar.irala/Documents/java_code/spring-auth/target/test-classes:/Users/dilipkumar.irala/Documents/java_code/spring-auth/target/classes:/Users/dilipkumar.irala/.m2/repository/org/springframework/boot/spring-boot-starter-thymeleaf/2.7.2/spring-boot-starter-thymeleaf-2.7.2.jar:/Users/dilipkumar.irala/.m2/repository/org/springframework/boot/spring-boot-starter/2.7.2/spring-boot-starter-2.7.2.jar:/Users/dilipkumar.irala/.m2/repository/org/springframework/boot/spring-boot-starter-logging/2.7.2/spring-boot-starter-logging-2.7.2.jar:/Users/dilipkumar.irala/.m2/repository/ch/qos/logback/logback-classic/1.2.11/logback-classic-1.2.11.jar:/Users/dilipkumar.irala/.m2/repository/ch/qos/logback/logback-core/1.2.11/logback-core-1.2.11.jar:/Users/dilipkumar.irala/.m2/repository/org/apache/logging/log4j/log4j-to-slf4j/2.17.2/log4j-to-slf4j-2.17.2.jar:/Users/dilipkumar.irala/.m2/repository/org/apache/logging/log4j/log4j-api/2.17.2/log4j-api-2.17.2.jar:/Users/dilipkumar.irala/.m2/repository/org/slf4j/jul-to-slf4j/1.7.36/jul-to-slf4j-1.7.36.jar:/Users/dilipkumar.irala/.m2/repository/jakarta/annotation/jakarta.annotation-api/1.3.5/jakarta.annotation-api-1.3.5.jar:/Users/dilipkumar.irala/.m2/repository/org/yaml/snakeyaml/1.30/snakeyaml-1.30.jar:/Users/dilipkumar.irala/.m2/repository/org/thymeleaf/thymeleaf-spring5/3.0.15.RELEASE/thymeleaf-spring5-3.0.15.RELEASE.jar:/Users/dilipkumar.irala/.m2/repository/org/thymeleaf/thymeleaf/3.0.15.RELEASE/thymeleaf-3.0.15.RELEASE.jar:/Users/dilipkumar.irala/.m2/repository/org/attoparser/attoparser/2.0.5.RELEASE/attoparser-2.0.5.RELEASE.jar:/Users/dilipkumar.irala/.m2/repository/org/unbescape/unbescape/1.1.6.RELEASE/unbescape-1.1.6.RELEASE.jar:/Users/dilipkumar.irala/.m2/repository/org/slf4j/slf4j-api/1.7.36/slf4j-api-1.7.36.jar:/Users/dilipkumar.irala/.m2/repository/org/thymeleaf/extras/thymeleaf-extras-java8time/3.0.4.RELEASE/thymeleaf-extras-java8time-3.0.4.RELEASE.jar:/Users/dilipkumar.irala/.m2/repository/org/json/json/20220320/json-20220320.jar:/Users/dilipkumar.irala/.m2/repository/org/springframework/boot/spring-boot-starter-web/2.7.2/spring-boot-starter-web-2.7.2.jar:/Users/dilipkumar.irala/.m2/repository/org/springframework/boot/spring-boot-starter-json/2.7.2/spring-boot-starter-json-2.7.2.jar:/Users/dilipkumar.irala/.m2/repository/com/fasterxml/jackson/core/jackson-databind/2.13.3/jackson-databind-2.13.3.jar:/Users/dilipkumar.irala/.m2/repository/com/fasterxml/jackson/core/jackson-annotations/2.13.3/jackson-annotations-2.13.3.jar:/Users/dilipkumar.irala/.m2/repository/com/fasterxml/jackson/core/jackson-core/2.13.3/jackson-core-2.13.3.jar:/Users/dilipkumar.irala/.m2/repository/com/fasterxml/jackson/datatype/jackson-datatype-jdk8/2.13.3/jackson-datatype-jdk8-2.13.3.jar:/Users/dilipkumar.irala/.m2/repository/com/fasterxml/jackson/datatype/jackson-datatype-jsr310/2.13.3/jackson-datatype-jsr310-2.13.3.jar:/Users/dilipkumar.irala/.m2/repository/com/fasterxml/jackson/module/jackson-module-parameter-names/2.13.3/jackson-module-parameter-names-2.13.3.jar:/Users/dilipkumar.irala/.m2/repository/org/springframework/boot/spring-boot-starter-tomcat/2.7.2/spring-boot-starter-tomcat-2.7.2.jar:/Users/dilipkumar.irala/.m2/repository/org/apache/tomcat/embed/tomcat-embed-core/9.0.65/tomcat-embed-core-9.0.65.jar:/Users/dilipkumar.irala/.m2/repository/org/apache/tomcat/embed/tomcat-embed-el/9.0.65/tomcat-embed-el-9.0.65.jar:/Users/dilipkumar.irala/.m2/repository/org/apache/tomcat/embed/tomcat-embed-websocket/9.0.65/tomcat-embed-websocket-9.0.65.jar:/Users/dilipkumar.irala/.m2/repository/org/springframework/spring-web/5.3.22/spring-web-5.3.22.jar:/Users/dilipkumar.irala/.m2/repository/org/springframework/spring-beans/5.3.22/spring-beans-5.3.22.jar:/Users/dilipkumar.irala/.m2/repository/org/springframework/spring-webmvc/5.3.22/spring-webmvc-5.3.22.jar:/Users/dilipkumar.irala/.m2/repository/org/springframework/spring-context/5.3.22/spring-context-5.3.22.jar:/Users/dilipkumar.irala/.m2/repository/org/springframework/spring-expression/5.3.22/spring-expression-5.3.22.jar:/Users/dilipkumar.irala/.m2/repository/com/mysql/mysql-connector-j/9.2.0/mysql-connector-j-9.2.0.jar:/Users/dilipkumar.irala/.m2/repository/com/google/protobuf/protobuf-java/4.29.0/protobuf-java-4.29.0.jar:/Users/dilipkumar.irala/.m2/repository/org/springframework/boot/spring-boot-starter-security/2.7.2/spring-boot-starter-security-2.7.2.jar:/Users/dilipkumar.irala/.m2/repository/org/springframework/spring-aop/5.3.22/spring-aop-5.3.22.jar:/Users/dilipkumar.irala/.m2/repository/org/springframework/security/spring-security-config/5.7.2/spring-security-config-5.7.2.jar:/Users/dilipkumar.irala/.m2/repository/org/springframework/security/spring-security-core/5.7.2/spring-security-core-5.7.2.jar:/Users/dilipkumar.irala/.m2/repository/org/springframework/security/spring-security-crypto/5.7.2/spring-security-crypto-5.7.2.jar:/Users/dilipkumar.irala/.m2/repository/org/springframework/security/spring-security-web/5.7.2/spring-security-web-5.7.2.jar:/Users/dilipkumar.irala/.m2/repository/org/springframework/boot/spring-boot-devtools/2.7.2/spring-boot-devtools-2.7.2.jar:/Users/dilipkumar.irala/.m2/repository/org/springframework/boot/spring-boot/2.7.2/spring-boot-2.7.2.jar:/Users/dilipkumar.irala/.m2/repository/org/springframework/boot/spring-boot-autoconfigure/2.7.2/spring-boot-autoconfigure-2.7.2.jar:/Users/dilipkumar.irala/.m2/repository/org/springframework/boot/spring-boot-starter-test/2.7.2/spring-boot-starter-test-2.7.2.jar:/Users/dilipkumar.irala/.m2/repository/org/springframework/boot/spring-boot-test/2.7.2/spring-boot-test-2.7.2.jar:/Users/dilipkumar.irala/.m2/repository/org/springframework/boot/spring-boot-test-autoconfigure/2.7.2/spring-boot-test-autoconfigure-2.7.2.jar:/Users/dilipkumar.irala/.m2/repository/com/jayway/jsonpath/json-path/2.7.0/json-path-2.7.0.jar:/Users/dilipkumar.irala/.m2/repository/net/minidev/json-smart/2.4.8/json-smart-2.4.8.jar:/Users/dilipkumar.irala/.m2/repository/net/minidev/accessors-smart/2.4.8/accessors-smart-2.4.8.jar:/Users/dilipkumar.irala/.m2/repository/org/ow2/asm/asm/9.1/asm-9.1.jar:/Users/dilipkumar.irala/.m2/repository/jakarta/xml/bind/jakarta.xml.bind-api/2.3.3/jakarta.xml.bind-api-2.3.3.jar:/Users/dilipkumar.irala/.m2/repository/jakarta/activation/jakarta.activation-api/1.2.2/jakarta.activation-api-1.2.2.jar:/Users/dilipkumar.irala/.m2/repository/org/assertj/assertj-core/3.22.0/assertj-core-3.22.0.jar:/Users/dilipkumar.irala/.m2/repository/org/hamcrest/hamcrest/2.2/hamcrest-2.2.jar:/Users/dilipkumar.irala/.m2/repository/org/junit/jupiter/junit-jupiter/5.8.2/junit-jupiter-5.8.2.jar:/Users/dilipkumar.irala/.m2/repository/org/junit/jupiter/junit-jupiter-api/5.8.2/junit-jupiter-api-5.8.2.jar:/Users/dilipkumar.irala/.m2/repository/org/opentest4j/opentest4j/1.2.0/opentest4j-1.2.0.jar:/Users/dilipkumar.irala/.m2/repository/org/junit/platform/junit-platform-commons/1.8.2/junit-platform-commons-1.8.2.jar:/Users/dilipkumar.irala/.m2/repository/org/apiguardian/apiguardian-api/1.1.2/apiguardian-api-1.1.2.jar:/Users/dilipkumar.irala/.m2/repository/org/junit/jupiter/junit-jupiter-params/5.8.2/junit-jupiter-params-5.8.2.jar:/Users/dilipkumar.irala/.m2/repository/org/junit/jupiter/junit-jupiter-engine/5.8.2/junit-jupiter-engine-5.8.2.jar:/Users/dilipkumar.irala/.m2/repository/org/junit/platform/junit-platform-engine/1.8.2/junit-platform-engine-1.8.2.jar:/Users/dilipkumar.irala/.m2/repository/org/mockito/mockito-core/4.5.1/mockito-core-4.5.1.jar:/Users/dilipkumar.irala/.m2/repository/net/bytebuddy/byte-buddy/1.12.12/byte-buddy-1.12.12.jar:/Users/dilipkumar.irala/.m2/repository/net/bytebuddy/byte-buddy-agent/1.12.12/byte-buddy-agent-1.12.12.jar:/Users/dilipkumar.irala/.m2/repository/org/objenesis/objenesis/3.2/objenesis-3.2.jar:/Users/dilipkumar.irala/.m2/repository/org/mockito/mockito-junit-jupiter/4.5.1/mockito-junit-jupiter-4.5.1.jar:/Users/dilipkumar.irala/.m2/repository/org/skyscreamer/jsonassert/1.5.1/jsonassert-1.5.1.jar:/Users/dilipkumar.irala/.m2/repository/com/vaadin/external/google/android-json/0.0.20131108.vaadin1/android-json-0.0.20131108.vaadin1.jar:/Users/dilipkumar.irala/.m2/repository/org/springframework/spring-core/5.3.22/spring-core-5.3.22.jar:/Users/dilipkumar.irala/.m2/repository/org/springframework/spring-jcl/5.3.22/spring-jcl-5.3.22.jar:/Users/dilipkumar.irala/.m2/repository/org/springframework/spring-test/5.3.22/spring-test-5.3.22.jar:/Users/dilipkumar.irala/.m2/repository/org/xmlunit/xmlunit-core/2.9.0/xmlunit-core-2.9.0.jar:/Users/dilipkumar.irala/.m2/repository/jakarta/servlet/jakarta.servlet-api/6.0.0/jakarta.servlet-api-6.0.0.jar:"/>
    <property name="sun.cpu.endian" value="little"/>
    <property name="user.home" value="/Users/dilipkumar.irala"/>
    <property name="user.language" value="en"/>
    <property name="java.specification.vendor" value="Oracle Corporation"/>
    <property name="java.version.date" value="2025-01-21"/>
    <property name="java.home" value="/opt/homebrew/Cellar/openjdk/23.0.2/libexec/openjdk.jdk/Contents/Home"/>
    <property name="file.separator" value="/"/>
    <property name="basedir" value="/Users/dilipkumar.irala/Documents/java_code/spring-auth"/>
    <property name="java.vm.compressedOopsMode" value="Zero based"/>
    <property name="line.separator" value="&#10;"/>
    <property name="java.specification.name" value="Java Platform API Specification"/>
    <property name="java.vm.specification.vendor" value="Oracle Corporation"/>
    <property name="apple.awt.application.name" value="ForkedBooter"/>
    <property name="surefire.real.class.path" value="/Users/dilipkumar.irala/Documents/java_code/spring-auth/target/surefire/surefirebooter12789697818242549664.jar"/>
    <property name="sun.management.compiler" value="HotSpot 64-Bit Tiered Compilers"/>
    <property name="java.runtime.version" value="23.0.2"/>
    <property name="user.name" value="dilipkumar.irala"/>
    <property name="stdout.encoding" value="UTF-8"/>
    <property name="path.separator" value=":"/>
    <property name="os.version" value="14.6"/>
    <property name="java.runtime.name" value="OpenJDK Runtime Environment"/>
    <property name="file.encoding" value="UTF-8"/>
    <property name="java.vm.name" value="OpenJDK 64-Bit Server VM"/>
    <property name="java.vendor.version" value="Homebrew"/>
    <property name="localRepository" value="/Users/dilipkumar.irala/.m2/repository"/>
    <property name="java.vendor.url.bug" value="https://github.com/Homebrew/homebrew-core/issues"/>
    <property name="java.io.tmpdir" value="/var/folders/l5/__2n7bvj5jx3k_1z0j6xhd6w0000gp/T/"/>
    <property name="java.version" value="23.0.2"/>
    <property name="user.dir" value="/Users/dilipkumar.irala/Documents/java_code/spring-auth"/>
    <property name="os.arch" value="aarch64"/>
    <property name="java.vm.specification.name" value="Java Virtual Machine Specification"/>
    <property name="native.encoding" value="UTF-8"/>
    <property name="java.library.path" value="/Users/dilipkumar.irala/Library/Java/Extensions:/Library/Java/Extensions:/Network/Library/Java/Extensions:/System/Library/Java/Extensions:/usr/lib/java:."/>
    <property name="java.vm.info" value="mixed mode, sharing"/>
    <property name="stderr.encoding" value="UTF-8"/>
    <property name="java.vendor" value="Homebrew"/>
    <property name="java.vm.version" value="23.0.2"/>
    <property name="sun.io.unicode.encoding" value="UnicodeBig"/>
    <property name="java.class.version" value="67.0"/>
  </properties>
  <testcase name="contextLoads" classname="com.myweb.authmagic.AuthMagicApplicationTests" time="0.071"/>
</testsuite>